SF:src/_version.py
DA:4,1
DA:13,1
DA:21,1
DA:22,1
DA:24,1
DA:25,1
DA:26,1
DA:27,1
DA:28,1
DA:29,1
DA:31,1
DA:32,1
DA:34,1
LF:13
LH:13
end_of_record
SF:src/ties/__init__.py
DA:3,1
DA:4,1
DA:6,1
LF:3
LH:3
end_of_record
SF:src/ties/_configuration.py
DA:1,1
DA:2,1
DA:4,1
DA:6,1
DA:8,1
DA:11,1
DA:13,1
DA:14,1
DA:15,1
DA:16,1
DA:17,1
DA:18,1
DA:19,1
DA:20,1
DA:22,1
DA:23,1
DA:25,0
DA:27,1
DA:28,1
DA:30,0
DA:31,0
DA:34,0
DA:35,0
LF:23
LH:18
FN:11,35,load_config
FNDA:1,load_config
FNF:1
FNH:1
end_of_record
SF:src/ties/_consts.py
DA:1,1
DA:3,1
DA:4,1
DA:5,1
DA:6,1
DA:10,1
DA:13,1
DA:14,1
DA:15,1
DA:16,1
DA:17,1
DA:18,1
DA:19,1
DA:20,1
DA:23,1
DA:26,1
DA:28,1
DA:29,1
DA:30,1
DA:31,0
DA:32,0
DA:33,0
DA:34,0
LF:23
LH:19
FN:26,34,cprint
FNDA:1,cprint
FNF:1
FNH:1
end_of_record
SF:src/ties/_file_processing.py
DA:3,1
DA:4,1
DA:5,1
DA:6,1
DA:7,1
DA:9,1
DA:12,1
DA:14,1
DA:17,1
DA:19,1
DA:20,1
DA:21,1
DA:22,0
DA:23,0
DA:26,1
DA:34,1
DA:35,1
DA:38,1
DA:39,1
DA:41,0
DA:42,0
DA:43,0
DA:47,0
DA:48,0
DA:49,0
DA:50,0
DA:51,0
DA:52,0
DA:55,0
DA:57,0
DA:58,0
DA:61,0
DA:63,0
DA:64,0
DA:66,0
DA:67,0
DA:70,0
DA:71,0
DA:75,0
DA:78,1
DA:79,1
DA:82,0
DA:83,0
DA:84,0
DA:85,0
DA:86,0
DA:89,0
DA:90,0
DA:91,0
DA:93,0
DA:96,1
DA:97,1
DA:98,1
DA:99,0
DA:100,0
DA:102,0
DA:103,1
DA:106,1
DA:107,1
DA:108,0
DA:109,1
DA:110,0
DA:112,1
DA:113,1
DA:116,1
DA:122,1
DA:123,1
DA:125,0
DA:127,1
DA:128,1
DA:130,1
DA:131,1
DA:132,1
DA:134,1
DA:135,1
DA:136,1
DA:137,1
DA:139,1
DA:140,1
DA:142,1
DA:143,1
DA:145,1
DA:147,1
DA:148,1
DA:149,1
DA:151,1
DA:152,1
DA:153,1
DA:154,1
DA:156,0
DA:157,0
DA:158,0
DA:159,0
DA:160,0
DA:161,0
DA:162,0
DA:163,0
DA:164,1
DA:165,0
DA:167,0
DA:168,0
DA:173,0
DA:175,1
DA:178,1
DA:180,1
DA:181,1
DA:182,1
DA:183,1
DA:185,0
DA:187,1
DA:190,1
DA:192,1
DA:193,1
DA:194,1
DA:195,1
DA:196,1
DA:197,1
DA:198,1
DA:201,0
DA:202,0
DA:203,0
DA:204,0
DA:205,0
DA:206,0
DA:207,0
DA:213,0
DA:216,1
DA:218,0
DA:219,0
DA:220,0
DA:221,0
DA:222,0
DA:223,0
LF:133
LH:69
FN:12,14,get_content_hash
FNDA:1,get_content_hash
FN:17,23,get_file_hash
FNDA:1,get_file_hash
FN:26,93,get_source_content
FNDA:1,get_source_content
FN:96,103,_resolve_sources
FNDA:1,_resolve_sources
FN:106,113,_resolve_transforms
FNDA:1,_resolve_transforms
FN:116,175,process_files
FNDA:1,process_files
FN:178,187,normalize_targets
FNDA:1,normalize_targets
FN:190,213,final_summary
FNDA:1,final_summary
FN:216,223,is_text_file
FNDA:0,is_text_file
FNF:9
FNH:8
end_of_record
SF:src/ties/common_transforms.py
DA:3,1
DA:4,1
DA:7,1
DA:14,0
DA:18,0
DA:23,0
DA:24,0
DA:27,0
LF:8
LH:3
FN:7,27,embed_environ
FNDA:0,embed_environ
FN:23,24,embed_environ.replacer
FNDA:0,embed_environ.replacer
FNF:2
FNH:0
end_of_record
SF:tests/check_test.py
DA:3,1
DA:6,1
DA:8,1
DA:21,1
DA:23,1
DA:36,1
DA:38,1
LF:7
LH:7
FN:6,18,test_check_equal_target
FNDA:1,test_check_equal_target
FN:21,33,test_check_non_equal_target
FNDA:1,test_check_non_equal_target
FN:36,48,test_check_one_equal_one_non_targets
FNDA:1,test_check_one_equal_one_non_targets
FNF:3
FNH:3
end_of_record
SF:tests/config_test.py
DA:3,1
DA:6,1
DA:8,1
DA:9,1
DA:10,1
LF:5
LH:5
FN:6,10,test_load_config
FNDA:1,test_load_config
FNF:1
FNH:1
end_of_record
SF:tests/first_test.py
DA:4,1
DA:6,1
DA:8,1
DA:9,1
DA:11,1
LF:5
LH:5
FN:4,11,test_version_exists
FNDA:1,test_version_exists
FNF:1
FNH:1
end_of_record
